ISim log file
Running: /home/parsa/ISEProjects/ARMCPU/top_tb_isim_beh.exe -intstyle ise -gui -tclbatch isim.cmd -wdb /home/parsa/ISEProjects/ARMCPU/top_tb_isim_beh.wdb 
ISim P.20131013 (signature 0xfbc00daa)
This is a Full version of ISim.
Time resolution is 1 ps
# onerror resume
# wave add /
# run 1000 ns
Simulator is doing circuit initialization process.
Finished circuit initialization process.
# restart
# run 10.00ns
Simulator is doing circuit initialization process.
Finished circuit initialization process.
# run 10.00ns
# run 10.00ns
# restart
# run 10.00ns
Simulator is doing circuit initialization process.
Finished circuit initialization process.
# run 10.00ns
# run 10.00ns
# run 10.00ns
# restart
ISim P.20131013 (signature 0xfbc00daa)
This is a Full version of ISim.
# run 1000 ns
Simulator is doing circuit initialization process.
Finished circuit initialization process.
# restart
# run 10.00ns
Simulator is doing circuit initialization process.
Finished circuit initialization process.
# run 10.00ns
# run 10.00ns
# run 10.00ns
# run 10.00ns
# run 10.00ns
# restart
# run 10.00ns
Simulator is doing circuit initialization process.
Finished circuit initialization process.
# run 10.00ns
# run 10.00ns
# run 10.00ns
# run 10.00ns
# run 10.00ns
# run 10.00ns
# restart
# run all
Simulator is doing circuit initialization process.
Finished circuit initialization process.
Stopped at time : 23811300 ns : File "/home/parsa/ISEProjects/ARMCPU/imem.v" Line 10
ISim P.20131013 (signature 0xfbc00daa)
This is a Full version of ISim.
# run 1000 ns
Simulator is doing circuit initialization process.
Finished circuit initialization process.
# restart
# run 10.00ns
Simulator is doing circuit initialization process.
Finished circuit initialization process.
# run 10.00ns
# run 10.00ns
# run 10.00ns
# run 10.00ns
# run 10.00ns
# run 10.00ns
# run 10.00ns
# run 10.00ns
# run 10.00ns
# run 10.00ns
